============================= test session starts =============================
platform win32 -- Python 3.12.10, pytest-9.0.2, pluggy-1.6.0
rootdir: C:\dev\GUTTERS
configfile: pyproject.toml
plugins: anyio-4.12.1, Faker-37.3.0, langsmith-0.6.4, asyncio-1.3.0, mock-3.14.1
asyncio: mode=Mode.STRICT, debug=False, asyncio_default_fixture_loop_scope=None, asyncio_default_test_loop_scope=function
collected 3 items

tests\integration\features\test_quests_fidelity.py FF.                   [100%]

================================== FAILURES ===================================
________________________ test_quest_manager_lifecycle _________________________

self = <sqlalchemy.dialects.postgresql.asyncpg.AsyncAdapt_asyncpg_cursor object at 0x000001266DD7AC20>
operation = 'INSERT INTO quests (user_id, title, description, recurrence, cron_expression, difficulty, tags, is_active, job_id, cr...::VARCHAR, $8::BOOLEAN, $9::VARCHAR, $10::TIMESTAMP WITH TIME ZONE, $11::TIMESTAMP WITH TIME ZONE) RETURNING quests.id'
parameters = (79, 'Morning Meditation', 'Meditate for 10 mins', <RecurrenceType.ONCE: 'once'>, None, 1, ...)

    async def _prepare_and_execute(self, operation, parameters):
        adapt_connection = self._adapt_connection
    
        async with adapt_connection._execute_mutex:
            if not adapt_connection._started:
                await adapt_connection._start_transaction()
    
            if parameters is None:
                parameters = ()
    
            try:
>               prepared_stmt, attributes = await adapt_connection._prepare(
                    operation, self._invalidate_schema_cache_asof
                )

.venv\Lib\site-packages\sqlalchemy\dialects\postgresql\asyncpg.py:526: 
_ _ _ _ _ _ _ _ _ _ _ _ _ _ _ _ _ _ _ _ _ _ _ _ _ _ _ _ _ _ _ _ _ _ _ _ _ _ _ _
.venv\Lib\site-packages\sqlalchemy\dialects\postgresql\asyncpg.py:773: in _prepare
    prepared_stmt = await self._connection.prepare(
.venv\Lib\site-packages\asyncpg\connection.py:635: in prepare
    return await self._prepare(
.venv\Lib\site-packages\asyncpg\connection.py:653: in _prepare
    stmt = await self._get_statement(
.venv\Lib\site-packages\asyncpg\connection.py:432: in _get_statement
    statement = await self._protocol.prepare(
_ _ _ _ _ _ _ _ _ _ _ _ _ _ _ _ _ _ _ _ _ _ _ _ _ _ _ _ _ _ _ _ _ _ _ _ _ _ _ _

>   ???
E   asyncpg.exceptions.UndefinedColumnError: column "job_id" of relation "quests" does not exist

asyncpg\\protocol\\protocol.pyx:165: UndefinedColumnError

The above exception was the direct cause of the following exception:

self = <sqlalchemy.engine.base.Connection object at 0x000001266DD84890>
dialect = <sqlalchemy.dialects.postgresql.asyncpg.PGDialect_asyncpg object at 0x00000126379468D0>
context = <sqlalchemy.dialects.postgresql.asyncpg.PGExecutionContext_asyncpg object at 0x000001266DDBBD10>
statement = <sqlalchemy.dialects.postgresql.asyncpg.PGCompiler_asyncpg object at 0x000001266DDBBD40>
parameters = [(79, 'Morning Meditation', 'Meditate for 10 mins', <RecurrenceType.ONCE: 'once'>, None, 1, ...)]

    def _exec_single_context(
        self,
        dialect: Dialect,
        context: ExecutionContext,
        statement: Union[str, Compiled],
        parameters: Optional[_AnyMultiExecuteParams],
    ) -> CursorResult[Any]:
        """continue the _execute_context() method for a single DBAPI
        cursor.execute() or cursor.executemany() call.
    
        """
        if dialect.bind_typing is BindTyping.SETINPUTSIZES:
            generic_setinputsizes = context._prepare_set_input_sizes()
    
            if generic_setinputsizes:
                try:
                    dialect.do_set_input_sizes(
                        context.cursor, generic_setinputsizes, context
                    )
                except BaseException as e:
                    self._handle_dbapi_exception(
                        e, str(statement), parameters, None, context
                    )
    
        cursor, str_statement, parameters = (
            context.cursor,
            context.statement,
            context.parameters,
        )
    
        effective_parameters: Optional[_AnyExecuteParams]
    
        if not context.executemany:
            effective_parameters = parameters[0]
        else:
            effective_parameters = parameters
    
        if self._has_events or self.engine._has_events:
            for fn in self.dispatch.before_cursor_execute:
                str_statement, effective_parameters = fn(
                    self,
                    cursor,
                    str_statement,
                    effective_parameters,
                    context,
                    context.executemany,
                )
    
        if self._echo:
            self._log_info(str_statement)
    
            stats = context._get_cache_stats()
    
            if not self.engine.hide_parameters:
                self._log_info(
                    "[%s] %r",
                    stats,
                    sql_util._repr_params(
                        effective_parameters,
                        batches=10,
                        ismulti=context.executemany,
                    ),
                )
            else:
                self._log_info(
                    "[%s] [SQL parameters hidden due to hide_parameters=True]",
                    stats,
                )
    
        evt_handled: bool = False
        try:
            if context.execute_style is ExecuteStyle.EXECUTEMANY:
                effective_parameters = cast(
                    "_CoreMultiExecuteParams", effective_parameters
                )
                if self.dialect._has_events:
                    for fn in self.dialect.dispatch.do_executemany:
                        if fn(
                            cursor,
                            str_statement,
                            effective_parameters,
                            context,
                        ):
                            evt_handled = True
                            break
                if not evt_handled:
                    self.dialect.do_executemany(
                        cursor,
                        str_statement,
                        effective_parameters,
                        context,
                    )
            elif not effective_parameters and context.no_parameters:
                if self.dialect._has_events:
                    for fn in self.dialect.dispatch.do_execute_no_params:
                        if fn(cursor, str_statement, context):
                            evt_handled = True
                            break
                if not evt_handled:
                    self.dialect.do_execute_no_params(
                        cursor, str_statement, context
                    )
            else:
                effective_parameters = cast(
                    "_CoreSingleExecuteParams", effective_parameters
                )
                if self.dialect._has_events:
                    for fn in self.dialect.dispatch.do_execute:
                        if fn(
                            cursor,
                            str_statement,
                            effective_parameters,
                            context,
                        ):
                            evt_handled = True
                            break
                if not evt_handled:
>                   self.dialect.do_execute(
                        cursor, str_statement, effective_parameters, context
                    )

.venv\Lib\site-packages\sqlalchemy\engine\base.py:1967: 
_ _ _ _ _ _ _ _ _ _ _ _ _ _ _ _ _ _ _ _ _ _ _ _ _ _ _ _ _ _ _ _ _ _ _ _ _ _ _ _
.venv\Lib\site-packages\sqlalchemy\engine\default.py:952: in do_execute
    cursor.execute(statement, parameters)
.venv\Lib\site-packages\sqlalchemy\dialects\postgresql\asyncpg.py:585: in execute
    self._adapt_connection.await_(
.venv\Lib\site-packages\sqlalchemy\util\_concurrency_py3k.py:132: in await_only
    return current.parent.switch(awaitable)  # type: ignore[no-any-return,attr-defined] # noqa: E501
           ^^^^^^^^^^^^^^^^^^^^^^^^^^^^^^^^
.venv\Lib\site-packages\sqlalchemy\util\_concurrency_py3k.py:196: in greenlet_spawn
    value = await result
            ^^^^^^^^^^^^
.venv\Lib\site-packages\sqlalchemy\dialects\postgresql\asyncpg.py:563: in _prepare_and_execute
    self._handle_exception(error)
.venv\Lib\site-packages\sqlalchemy\dialects\postgresql\asyncpg.py:513: in _handle_exception
    self._adapt_connection._handle_exception(error)
_ _ _ _ _ _ _ _ _ _ _ _ _ _ _ _ _ _ _ _ _ _ _ _ _ _ _ _ _ _ _ _ _ _ _ _ _ _ _ _

self = <AdaptedConnection <asyncpg.connection.Connection object at 0x000001266DDA4140>>
error = UndefinedColumnError('column "job_id" of relation "quests" does not exist')

    def _handle_exception(self, error):
        if self._connection.is_closed():
            self._transaction = None
            self._started = False
    
        if not isinstance(error, AsyncAdapt_asyncpg_dbapi.Error):
            exception_mapping = self.dbapi._asyncpg_error_translate
    
            for super_ in type(error).__mro__:
                if super_ in exception_mapping:
                    translated_error = exception_mapping[super_](
                        "%s: %s" % (type(error), error)
                    )
                    translated_error.pgcode = translated_error.sqlstate = (
                        getattr(error, "sqlstate", None)
                    )
>                   raise translated_error from error
E                   sqlalchemy.dialects.postgresql.asyncpg.AsyncAdapt_asyncpg_dbapi.ProgrammingError: <class 'asyncpg.exceptions.UndefinedColumnError'>: column "job_id" of relation "quests" does not exist

.venv\Lib\site-packages\sqlalchemy\dialects\postgresql\asyncpg.py:797: ProgrammingError

The above exception was the direct cause of the following exception:

db = <sqlalchemy.ext.asyncio.session.AsyncSession object at 0x000001266DD85640>
test_user = <src.app.models.user.User object at 0x000001266DDB8770>

    @pytest.mark.asyncio
    async def test_quest_manager_lifecycle(db: AsyncSession, test_user):
        # Mock Redis pool for ARQ
        with patch("src.app.modules.features.quests.manager.create_pool") as mock_create_pool:
            # The pool is used as "await create_pool()", returning valid redis object
            # but in our code we do: redis = await create_pool; try... finally: await redis.close()
    
            mock_redis = MagicMock()
    
            # Async mock for create_pool result
            async def get_redis(*args, **kwargs):
                return mock_redis
    
            mock_create_pool.side_effect = get_redis
    
            # Async mock for enqueue_job
            async def async_enqueue(*args, **kwargs):
                return "job-123"
    
            mock_redis.enqueue_job.side_effect = async_enqueue
    
            # Async mock for close
            async def async_close():
                pass
    
            mock_redis.close.side_effect = async_close
    
            # 1. Create Quest
>           quest = await QuestManager.create_quest(
                db=db,
                user_id=test_user.id,
                title="Morning Meditation",
                description="Meditate for 10 mins",
                recurrence=RecurrenceType.ONCE,
            )

tests\integration\features\test_quests_fidelity.py:48: 
_ _ _ _ _ _ _ _ _ _ _ _ _ _ _ _ _ _ _ _ _ _ _ _ _ _ _ _ _ _ _ _ _ _ _ _ _ _ _ _
src\app\modules\features\quests\manager.py:43: in create_quest
    await db.commit()
.venv\Lib\site-packages\sqlalchemy\ext\asyncio\session.py:1000: in commit
    await greenlet_spawn(self.sync_session.commit)
.venv\Lib\site-packages\sqlalchemy\util\_concurrency_py3k.py:203: in greenlet_spawn
    result = context.switch(value)
             ^^^^^^^^^^^^^^^^^^^^^
.venv\Lib\site-packages\sqlalchemy\orm\session.py:2030: in commit
    trans.commit(_to_root=True)
<string>:2: in commit
    ???
.venv\Lib\site-packages\sqlalchemy\orm\state_changes.py:137: in _go
    ret_value = fn(self, *arg, **kw)
                ^^^^^^^^^^^^^^^^^^^^
.venv\Lib\site-packages\sqlalchemy\orm\session.py:1311: in commit
    self._prepare_impl()
<string>:2: in _prepare_impl
    ???
.venv\Lib\site-packages\sqlalchemy\orm\state_changes.py:137: in _go
    ret_value = fn(self, *arg, **kw)
                ^^^^^^^^^^^^^^^^^^^^
.venv\Lib\site-packages\sqlalchemy\orm\session.py:1286: in _prepare_impl
    self.session.flush()
.venv\Lib\site-packages\sqlalchemy\orm\session.py:4331: in flush
    self._flush(objects)
.venv\Lib\site-packages\sqlalchemy\orm\session.py:4466: in _flush
    with util.safe_reraise():
         ^^^^^^^^^^^^^^^^^^^
.venv\Lib\site-packages\sqlalchemy\util\langhelpers.py:224: in __exit__
    raise exc_value.with_traceback(exc_tb)
.venv\Lib\site-packages\sqlalchemy\orm\session.py:4427: in _flush
    flush_context.execute()
.venv\Lib\site-packages\sqlalchemy\orm\unitofwork.py:466: in execute
    rec.execute(self)
.venv\Lib\site-packages\sqlalchemy\orm\unitofwork.py:642: in execute
    util.preloaded.orm_persistence.save_obj(
.venv\Lib\site-packages\sqlalchemy\orm\persistence.py:93: in save_obj
    _emit_insert_statements(
.venv\Lib\site-packages\sqlalchemy\orm\persistence.py:1233: in _emit_insert_statements
    result = connection.execute(
.venv\Lib\site-packages\sqlalchemy\engine\base.py:1419: in execute
    return meth(
.venv\Lib\site-packages\sqlalchemy\sql\elements.py:527: in _execute_on_connection
    return connection._execute_clauseelement(
.venv\Lib\site-packages\sqlalchemy\engine\base.py:1641: in _execute_clauseelement
    ret = self._execute_context(
.venv\Lib\site-packages\sqlalchemy\engine\base.py:1846: in _execute_context
    return self._exec_single_context(
.venv\Lib\site-packages\sqlalchemy\engine\base.py:1986: in _exec_single_context
    self._handle_dbapi_exception(
.venv\Lib\site-packages\sqlalchemy\engine\base.py:2363: in _handle_dbapi_exception
    raise sqlalchemy_exception.with_traceback(exc_info[2]) from e
.venv\Lib\site-packages\sqlalchemy\engine\base.py:1967: in _exec_single_context
    self.dialect.do_execute(
.venv\Lib\site-packages\sqlalchemy\engine\default.py:952: in do_execute
    cursor.execute(statement, parameters)
.venv\Lib\site-packages\sqlalchemy\dialects\postgresql\asyncpg.py:585: in execute
    self._adapt_connection.await_(
.venv\Lib\site-packages\sqlalchemy\util\_concurrency_py3k.py:132: in await_only
    return current.parent.switch(awaitable)  # type: ignore[no-any-return,attr-defined] # noqa: E501
           ^^^^^^^^^^^^^^^^^^^^^^^^^^^^^^^^
.venv\Lib\site-packages\sqlalchemy\util\_concurrency_py3k.py:196: in greenlet_spawn
    value = await result
            ^^^^^^^^^^^^
.venv\Lib\site-packages\sqlalchemy\dialects\postgresql\asyncpg.py:563: in _prepare_and_execute
    self._handle_exception(error)
.venv\Lib\site-packages\sqlalchemy\dialects\postgresql\asyncpg.py:513: in _handle_exception
    self._adapt_connection._handle_exception(error)
_ _ _ _ _ _ _ _ _ _ _ _ _ _ _ _ _ _ _ _ _ _ _ _ _ _ _ _ _ _ _ _ _ _ _ _ _ _ _ _

self = <AdaptedConnection <asyncpg.connection.Connection object at 0x000001266DDA4140>>
error = UndefinedColumnError('column "job_id" of relation "quests" does not exist')

    def _handle_exception(self, error):
        if self._connection.is_closed():
            self._transaction = None
            self._started = False
    
        if not isinstance(error, AsyncAdapt_asyncpg_dbapi.Error):
            exception_mapping = self.dbapi._asyncpg_error_translate
    
            for super_ in type(error).__mro__:
                if super_ in exception_mapping:
                    translated_error = exception_mapping[super_](
                        "%s: %s" % (type(error), error)
                    )
                    translated_error.pgcode = translated_error.sqlstate = (
                        getattr(error, "sqlstate", None)
                    )
>                   raise translated_error from error
E                   sqlalchemy.exc.ProgrammingError: (sqlalchemy.dialects.postgresql.asyncpg.ProgrammingError) <class 'asyncpg.exceptions.UndefinedColumnError'>: column "job_id" of relation "quests" does not exist
E                   [SQL: INSERT INTO quests (user_id, title, description, recurrence, cron_expression, difficulty, tags, is_active, job_id, created_at, updated_at) VALUES ($1::INTEGER, $2::VARCHAR, $3::VARCHAR, $4::VARCHAR, $5::VARCHAR, $6::INTEGER, $7::VARCHAR, $8::BOOLEAN, $9::VARCHAR, $10::TIMESTAMP WITH TIME ZONE, $11::TIMESTAMP WITH TIME ZONE) RETURNING quests.id]
E                   [parameters: (79, 'Morning Meditation', 'Meditate for 10 mins', <RecurrenceType.ONCE: 'once'>, None, 1, '', True, None, datetime.datetime(2026, 1, 26, 6, 56, 25, 920920, tzinfo=datetime.timezone.utc), datetime.datetime(2026, 1, 26, 6, 56, 25, 920920, tzinfo=datetime.timezone.utc))]
E                   (Background on this error at: https://sqlalche.me/e/20/f405)

.venv\Lib\site-packages\sqlalchemy\dialects\postgresql\asyncpg.py:797: ProgrammingError
________________________ test_quest_tools_integration _________________________

db = <sqlalchemy.ext.asyncio.session.AsyncSession object at 0x000001266DD84650>
test_user = <src.app.models.user.User object at 0x000001266DF9D970>

    @pytest.mark.asyncio
    async def test_quest_tools_integration(db: AsyncSession, test_user):
        with patch("src.app.modules.features.quests.manager.create_pool") as mock_create_pool:
            mock_redis = MagicMock()
            mock_create_pool.return_value = mock_redis
    
            async def async_enqueue(*args, **kwargs):
                return "job-123"
    
            mock_redis.enqueue_job.side_effect = async_enqueue
    
            async def async_close():
                pass
    
            mock_redis.close.side_effect = async_close
    
            create_tool = get_create_quest_tool(test_user.id, db)
            list_tool = get_list_quests_tool(test_user.id, db)
    
            # 1. Create via Tool
            result = await create_tool.ainvoke({"title": "Read a Book", "recurrence": "daily"})
>           assert "created successfully" in result
E           assert 'created successfully' in "Failed to create quest: (sqlalchemy.dialects.postgresql.asyncpg.ProgrammingError) <class 'asyncpg.exceptions.Undefine..., 26, 6, 56, 26, 868722, tzinfo=datetime.timezone.utc))]\n(Background on this error at: https://sqlalche.me/e/20/f405)"

tests\integration\features\test_quests_fidelity.py:97: AssertionError
============================== warnings summary ===============================
tests/integration/features/test_quests_fidelity.py::test_push_notification_service
  C:\dev\GUTTERS\.venv\Lib\site-packages\sqlalchemy\sql\schema.py:3624: DeprecationWarning: datetime.datetime.utcnow() is deprecated and scheduled for removal in a future version. Use timezone-aware objects to represent datetimes in UTC: datetime.datetime.now(datetime.UTC).
    return util.wrap_callable(lambda ctx: fn(), fn)  # type: ignore

-- Docs: https://docs.pytest.org/en/stable/how-to/capture-warnings.html
=========================== short test summary info ===========================
FAILED tests/integration/features/test_quests_fidelity.py::test_quest_manager_lifecycle
FAILED tests/integration/features/test_quests_fidelity.py::test_quest_tools_integration
=================== 2 failed, 1 passed, 1 warning in 1.74s ====================
