2026-01-26T09:35:09.905540Z [info     ] Registered calculation module: human_design (v1.0.0) [src.app.modules.calculation.registry]
2026-01-26T09:35:09.910478Z [info     ] Registered module: human_design (layer: calculation) [src.app.modules.registry]
2026-01-26T09:35:12.085230Z [info     ] Registered calculation module: numerology (v1.0.0) [src.app.modules.calculation.registry]
2026-01-26T09:35:12.087329Z [info     ] Registered module: numerology (layer: calculation) [src.app.modules.registry]
2026-01-26T09:35:12.185714Z [info     ] Registered calculation module: astrology (v1.0.0) [src.app.modules.calculation.registry]
2026-01-26T09:35:12.279529Z [info     ] Registered module: astrology (layer: calculation) [src.app.modules.registry]
2026-01-26T09:35:12.326139Z [info     ] Registered module: query (layer: intelligence) [src.app.modules.registry]
2026-01-26T09:35:12.331211Z [info     ] Registered module: synthesis (layer: intelligence) [src.app.modules.registry]
2026-01-26T09:35:13.715524Z [info     ] Registered module: observer (layer: intelligence) [src.app.modules.registry]
============================= test session starts =============================
platform win32 -- Python 3.12.10, pytest-9.0.2, pluggy-1.6.0 -- C:\dev\GUTTERS\.venv\Scripts\python.exe
cachedir: .pytest_cache
rootdir: C:\dev\GUTTERS
configfile: pyproject.toml
plugins: anyio-4.12.1, Faker-37.3.0, langsmith-0.6.4, asyncio-1.3.0, mock-3.14.1
asyncio: mode=Mode.STRICT, debug=False, asyncio_default_fixture_loop_scope=None, asyncio_default_test_loop_scope=function
collecting ... collected 1 item

tests/integration/test_progression_engine.py::test_progression_engine_high_fidelity FAILED

================================== FAILURES ===================================
____________________ test_progression_engine_high_fidelity ____________________

>   ???

asyncpg\\protocol\\prepared_stmt.pyx:175: 
_ _ _ _ _ _ _ _ _ _ _ _ _ _ _ _ _ _ _ _ _ _ _ _ _ _ _ _ _ _ _ _ _ _ _ _ _ _ _ _
asyncpg\\protocol\\codecs/base.pyx:227: in asyncpg.protocol.protocol.Codec.encode
    ???
asyncpg\\protocol\\codecs/base.pyx:129: in asyncpg.protocol.protocol.Codec.encode_scalar
    ???
asyncpg\\pgproto\\./codecs/text.pyx:29: in asyncpg.pgproto.pgproto.text_encode
    ???
_ _ _ _ _ _ _ _ _ _ _ _ _ _ _ _ _ _ _ _ _ _ _ _ _ _ _ _ _ _ _ _ _ _ _ _ _ _ _ _

>   ???
E   TypeError: expected str, got Job

asyncpg\\pgproto\\./codecs/text.pyx:12: TypeError

The above exception was the direct cause of the following exception:

self = <sqlalchemy.dialects.postgresql.asyncpg.AsyncAdapt_asyncpg_cursor object at 0x0000021E6173AF20>
operation = 'UPDATE quests SET job_id=$1::VARCHAR, updated_at=$2::TIMESTAMP WITH TIME ZONE WHERE quests.id = $3::INTEGER'
parameters = (<arq job 88ee1e6460a3406f87e3f0b2d898e1e0>, datetime.datetime(2026, 1, 26, 9, 35, 15, 895954, tzinfo=datetime.timezone.utc), 4)

    async def _prepare_and_execute(self, operation, parameters):
        adapt_connection = self._adapt_connection
    
        async with adapt_connection._execute_mutex:
            if not adapt_connection._started:
                await adapt_connection._start_transaction()
    
            if parameters is None:
                parameters = ()
    
            try:
                prepared_stmt, attributes = await adapt_connection._prepare(
                    operation, self._invalidate_schema_cache_asof
                )
    
                if attributes:
                    self.description = [
                        (
                            attr.name,
                            attr.type.oid,
                            None,
                            None,
                            None,
                            None,
                            None,
                        )
                        for attr in attributes
                    ]
                else:
                    self.description = None
    
                if self.server_side:
                    self._cursor = await prepared_stmt.cursor(*parameters)
                    self.rowcount = -1
                else:
>                   self._rows = deque(await prepared_stmt.fetch(*parameters))
                                       ^^^^^^^^^^^^^^^^^^^^^^^^^^^^^^^^^^^^^^

.venv\Lib\site-packages\sqlalchemy\dialects\postgresql\asyncpg.py:550: 
_ _ _ _ _ _ _ _ _ _ _ _ _ _ _ _ _ _ _ _ _ _ _ _ _ _ _ _ _ _ _ _ _ _ _ _ _ _ _ _
.venv\Lib\site-packages\asyncpg\prepared_stmt.py:176: in fetch
    data = await self.__bind_execute(args, 0, timeout)
           ^^^^^^^^^^^^^^^^^^^^^^^^^^^^^^^^^^^^^^^^^^^
.venv\Lib\site-packages\asyncpg\prepared_stmt.py:267: in __bind_execute
    data, status, _ = await self.__do_execute(
.venv\Lib\site-packages\asyncpg\prepared_stmt.py:256: in __do_execute
    return await executor(protocol)
           ^^^^^^^^^^^^^^^^^^^^^^^^
asyncpg\\protocol\\protocol.pyx:185: in bind_execute
    ???
_ _ _ _ _ _ _ _ _ _ _ _ _ _ _ _ _ _ _ _ _ _ _ _ _ _ _ _ _ _ _ _ _ _ _ _ _ _ _ _

>   ???
E   asyncpg.exceptions.DataError: invalid input for query argument $1: <arq job 88ee1e6460a3406f87e3f0b2d898e1e... (expected str, got Job)

asyncpg\\protocol\\prepared_stmt.pyx:204: DataError

The above exception was the direct cause of the following exception:

self = <sqlalchemy.engine.base.Connection object at 0x0000021E61704830>
dialect = <sqlalchemy.dialects.postgresql.asyncpg.PGDialect_asyncpg object at 0x0000021E2B2BFC50>
context = <sqlalchemy.dialects.postgresql.asyncpg.PGExecutionContext_asyncpg object at 0x0000021E61871610>
statement = <sqlalchemy.dialects.postgresql.asyncpg.PGCompiler_asyncpg object at 0x0000021E618715B0>
parameters = [(<arq job 88ee1e6460a3406f87e3f0b2d898e1e0>, datetime.datetime(2026, 1, 26, 9, 35, 15, 895954, tzinfo=datetime.timezone.utc), 4)]

    def _exec_single_context(
        self,
        dialect: Dialect,
        context: ExecutionContext,
        statement: Union[str, Compiled],
        parameters: Optional[_AnyMultiExecuteParams],
    ) -> CursorResult[Any]:
        """continue the _execute_context() method for a single DBAPI
        cursor.execute() or cursor.executemany() call.
    
        """
        if dialect.bind_typing is BindTyping.SETINPUTSIZES:
            generic_setinputsizes = context._prepare_set_input_sizes()
    
            if generic_setinputsizes:
                try:
                    dialect.do_set_input_sizes(
                        context.cursor, generic_setinputsizes, context
                    )
                except BaseException as e:
                    self._handle_dbapi_exception(
                        e, str(statement), parameters, None, context
                    )
    
        cursor, str_statement, parameters = (
            context.cursor,
            context.statement,
            context.parameters,
        )
    
        effective_parameters: Optional[_AnyExecuteParams]
    
        if not context.executemany:
            effective_parameters = parameters[0]
        else:
            effective_parameters = parameters
    
        if self._has_events or self.engine._has_events:
            for fn in self.dispatch.before_cursor_execute:
                str_statement, effective_parameters = fn(
                    self,
                    cursor,
                    str_statement,
                    effective_parameters,
                    context,
                    context.executemany,
                )
    
        if self._echo:
            self._log_info(str_statement)
    
            stats = context._get_cache_stats()
    
            if not self.engine.hide_parameters:
                self._log_info(
                    "[%s] %r",
                    stats,
                    sql_util._repr_params(
                        effective_parameters,
                        batches=10,
                        ismulti=context.executemany,
                    ),
                )
            else:
                self._log_info(
                    "[%s] [SQL parameters hidden due to hide_parameters=True]",
                    stats,
                )
    
        evt_handled: bool = False
        try:
            if context.execute_style is ExecuteStyle.EXECUTEMANY:
                effective_parameters = cast(
                    "_CoreMultiExecuteParams", effective_parameters
                )
                if self.dialect._has_events:
                    for fn in self.dialect.dispatch.do_executemany:
                        if fn(
                            cursor,
                            str_statement,
                            effective_parameters,
                            context,
                        ):
                            evt_handled = True
                            break
                if not evt_handled:
                    self.dialect.do_executemany(
                        cursor,
                        str_statement,
                        effective_parameters,
                        context,
                    )
            elif not effective_parameters and context.no_parameters:
                if self.dialect._has_events:
                    for fn in self.dialect.dispatch.do_execute_no_params:
                        if fn(cursor, str_statement, context):
                            evt_handled = True
                            break
                if not evt_handled:
                    self.dialect.do_execute_no_params(
                        cursor, str_statement, context
                    )
            else:
                effective_parameters = cast(
                    "_CoreSingleExecuteParams", effective_parameters
                )
                if self.dialect._has_events:
                    for fn in self.dialect.dispatch.do_execute:
                        if fn(
                            cursor,
                            str_statement,
                            effective_parameters,
                            context,
                        ):
                            evt_handled = True
                            break
                if not evt_handled:
>                   self.dialect.do_execute(
                        cursor, str_statement, effective_parameters, context
                    )

.venv\Lib\site-packages\sqlalchemy\engine\base.py:1967: 
_ _ _ _ _ _ _ _ _ _ _ _ _ _ _ _ _ _ _ _ _ _ _ _ _ _ _ _ _ _ _ _ _ _ _ _ _ _ _ _
.venv\Lib\site-packages\sqlalchemy\engine\default.py:952: in do_execute
    cursor.execute(statement, parameters)
.venv\Lib\site-packages\sqlalchemy\dialects\postgresql\asyncpg.py:585: in execute
    self._adapt_connection.await_(
.venv\Lib\site-packages\sqlalchemy\util\_concurrency_py3k.py:132: in await_only
    return current.parent.switch(awaitable)  # type: ignore[no-any-return,attr-defined] # noqa: E501
           ^^^^^^^^^^^^^^^^^^^^^^^^^^^^^^^^
.venv\Lib\site-packages\sqlalchemy\util\_concurrency_py3k.py:196: in greenlet_spawn
    value = await result
            ^^^^^^^^^^^^
.venv\Lib\site-packages\sqlalchemy\dialects\postgresql\asyncpg.py:563: in _prepare_and_execute
    self._handle_exception(error)
.venv\Lib\site-packages\sqlalchemy\dialects\postgresql\asyncpg.py:513: in _handle_exception
    self._adapt_connection._handle_exception(error)
_ _ _ _ _ _ _ _ _ _ _ _ _ _ _ _ _ _ _ _ _ _ _ _ _ _ _ _ _ _ _ _ _ _ _ _ _ _ _ _

self = <AdaptedConnection <asyncpg.connection.Connection object at 0x0000021E61727E30>>
error = DataError('invalid input for query argument $1: <arq job 88ee1e6460a3406f87e3f0b2d898e1e... (expected str, got Job)')

    def _handle_exception(self, error):
        if self._connection.is_closed():
            self._transaction = None
            self._started = False
    
        if not isinstance(error, AsyncAdapt_asyncpg_dbapi.Error):
            exception_mapping = self.dbapi._asyncpg_error_translate
    
            for super_ in type(error).__mro__:
                if super_ in exception_mapping:
                    translated_error = exception_mapping[super_](
                        "%s: %s" % (type(error), error)
                    )
                    translated_error.pgcode = translated_error.sqlstate = (
                        getattr(error, "sqlstate", None)
                    )
>                   raise translated_error from error
E                   sqlalchemy.dialects.postgresql.asyncpg.AsyncAdapt_asyncpg_dbapi.Error: <class 'asyncpg.exceptions.DataError'>: invalid input for query argument $1: <arq job 88ee1e6460a3406f87e3f0b2d898e1e... (expected str, got Job)

.venv\Lib\site-packages\sqlalchemy\dialects\postgresql\asyncpg.py:797: Error

The above exception was the direct cause of the following exception:

db = <sqlalchemy.ext.asyncio.session.AsyncSession object at 0x0000021E617044D0>
test_user = <src.app.models.user.User object at 0x0000021E61707920>

    @pytest.mark.asyncio
    async def test_progression_engine_high_fidelity(db: AsyncSession, test_user: User):
        """
        High-Fidelity Service Integration Test for the Progression Engine.
    
        Verifies:
        1. Infrastructure: Real DB, Real Redis (EventBus/Memory).
        2. Logic: Quest -> XP -> Level Up -> Evolution Event.
        3. State: StateTracker correctly identifies progression domain.
        """
        # 1. Initialize Singletons (Standard Mandate)
        bus = get_event_bus()
        await bus.initialize()
    
        memory = get_active_memory()
        await memory.initialize()
    
        # Clean slate for test user
        await memory.redis_client.flushdb()
    
        # 2. Setup PlayerStats
        stmt = select(PlayerStats).where(PlayerStats.user_id == test_user.id)
        stats = (await db.execute(stmt)).scalar_one_or_none()
        if not stats:
            stats = PlayerStats(user_id=test_user.id, level=1, experience_points=0)
            db.add(stats)
            await db.commit()
            await db.refresh(stats)
        else:
            # Reset stats for deterministic test
            stats.level = 1
            stats.experience_points = 0
            stats.sync_rate = 0.0
            await db.commit()
            await db.refresh(stats)
    
        # 3. Create a Quest
        quest = await QuestManager.create_quest(
            db=db,
            user_id=test_user.id,
            title="Evolution Test Quest",
            description="Verify Quest -> XP flow",
            category=QuestCategory.MISSION,
            difficulty=QuestDifficulty.HARD,  # 50 XP base
        )
    
        # 4. Create and Complete QuestLog
>       log = await QuestManager.create_log(db, quest.id, datetime.now(UTC))
              ^^^^^^^^^^^^^^^^^^^^^^^^^^^^^^^^^^^^^^^^^^^^^^^^^^^^^^^^^^^^^^

tests\integration\test_progression_engine.py:64: 
_ _ _ _ _ _ _ _ _ _ _ _ _ _ _ _ _ _ _ _ _ _ _ _ _ _ _ _ _ _ _ _ _ _ _ _ _ _ _ _
src\app\modules\features\quests\manager.py:308: in create_log
    await db.commit()
.venv\Lib\site-packages\sqlalchemy\ext\asyncio\session.py:1000: in commit
    await greenlet_spawn(self.sync_session.commit)
.venv\Lib\site-packages\sqlalchemy\util\_concurrency_py3k.py:203: in greenlet_spawn
    result = context.switch(value)
             ^^^^^^^^^^^^^^^^^^^^^
.venv\Lib\site-packages\sqlalchemy\orm\session.py:2030: in commit
    trans.commit(_to_root=True)
<string>:2: in commit
    ???
.venv\Lib\site-packages\sqlalchemy\orm\state_changes.py:137: in _go
    ret_value = fn(self, *arg, **kw)
                ^^^^^^^^^^^^^^^^^^^^
.venv\Lib\site-packages\sqlalchemy\orm\session.py:1311: in commit
    self._prepare_impl()
<string>:2: in _prepare_impl
    ???
.venv\Lib\site-packages\sqlalchemy\orm\state_changes.py:137: in _go
    ret_value = fn(self, *arg, **kw)
                ^^^^^^^^^^^^^^^^^^^^
.venv\Lib\site-packages\sqlalchemy\orm\session.py:1286: in _prepare_impl
    self.session.flush()
.venv\Lib\site-packages\sqlalchemy\orm\session.py:4331: in flush
    self._flush(objects)
.venv\Lib\site-packages\sqlalchemy\orm\session.py:4466: in _flush
    with util.safe_reraise():
         ^^^^^^^^^^^^^^^^^^^
.venv\Lib\site-packages\sqlalchemy\util\langhelpers.py:224: in __exit__
    raise exc_value.with_traceback(exc_tb)
.venv\Lib\site-packages\sqlalchemy\orm\session.py:4427: in _flush
    flush_context.execute()
.venv\Lib\site-packages\sqlalchemy\orm\unitofwork.py:466: in execute
    rec.execute(self)
.venv\Lib\site-packages\sqlalchemy\orm\unitofwork.py:642: in execute
    util.preloaded.orm_persistence.save_obj(
.venv\Lib\site-packages\sqlalchemy\orm\persistence.py:85: in save_obj
    _emit_update_statements(
.venv\Lib\site-packages\sqlalchemy\orm\persistence.py:912: in _emit_update_statements
    c = connection.execute(
.venv\Lib\site-packages\sqlalchemy\engine\base.py:1419: in execute
    return meth(
.venv\Lib\site-packages\sqlalchemy\sql\elements.py:527: in _execute_on_connection
    return connection._execute_clauseelement(
.venv\Lib\site-packages\sqlalchemy\engine\base.py:1641: in _execute_clauseelement
    ret = self._execute_context(
.venv\Lib\site-packages\sqlalchemy\engine\base.py:1846: in _execute_context
    return self._exec_single_context(
.venv\Lib\site-packages\sqlalchemy\engine\base.py:1986: in _exec_single_context
    self._handle_dbapi_exception(
.venv\Lib\site-packages\sqlalchemy\engine\base.py:2363: in _handle_dbapi_exception
    raise sqlalchemy_exception.with_traceback(exc_info[2]) from e
.venv\Lib\site-packages\sqlalchemy\engine\base.py:1967: in _exec_single_context
    self.dialect.do_execute(
.venv\Lib\site-packages\sqlalchemy\engine\default.py:952: in do_execute
    cursor.execute(statement, parameters)
.venv\Lib\site-packages\sqlalchemy\dialects\postgresql\asyncpg.py:585: in execute
    self._adapt_connection.await_(
.venv\Lib\site-packages\sqlalchemy\util\_concurrency_py3k.py:132: in await_only
    return current.parent.switch(awaitable)  # type: ignore[no-any-return,attr-defined] # noqa: E501
           ^^^^^^^^^^^^^^^^^^^^^^^^^^^^^^^^
.venv\Lib\site-packages\sqlalchemy\util\_concurrency_py3k.py:196: in greenlet_spawn
    value = await result
            ^^^^^^^^^^^^
.venv\Lib\site-packages\sqlalchemy\dialects\postgresql\asyncpg.py:563: in _prepare_and_execute
    self._handle_exception(error)
.venv\Lib\site-packages\sqlalchemy\dialects\postgresql\asyncpg.py:513: in _handle_exception
    self._adapt_connection._handle_exception(error)
_ _ _ _ _ _ _ _ _ _ _ _ _ _ _ _ _ _ _ _ _ _ _ _ _ _ _ _ _ _ _ _ _ _ _ _ _ _ _ _

self = <AdaptedConnection <asyncpg.connection.Connection object at 0x0000021E61727E30>>
error = DataError('invalid input for query argument $1: <arq job 88ee1e6460a3406f87e3f0b2d898e1e... (expected str, got Job)')

    def _handle_exception(self, error):
        if self._connection.is_closed():
            self._transaction = None
            self._started = False
    
        if not isinstance(error, AsyncAdapt_asyncpg_dbapi.Error):
            exception_mapping = self.dbapi._asyncpg_error_translate
    
            for super_ in type(error).__mro__:
                if super_ in exception_mapping:
                    translated_error = exception_mapping[super_](
                        "%s: %s" % (type(error), error)
                    )
                    translated_error.pgcode = translated_error.sqlstate = (
                        getattr(error, "sqlstate", None)
                    )
>                   raise translated_error from error
E                   sqlalchemy.exc.DBAPIError: (sqlalchemy.dialects.postgresql.asyncpg.Error) <class 'asyncpg.exceptions.DataError'>: invalid input for query argument $1: <arq job 88ee1e6460a3406f87e3f0b2d898e1e... (expected str, got Job)
E                   [SQL: UPDATE quests SET job_id=$1::VARCHAR, updated_at=$2::TIMESTAMP WITH TIME ZONE WHERE quests.id = $3::INTEGER]
E                   [parameters: (<arq job 88ee1e6460a3406f87e3f0b2d898e1e0>, datetime.datetime(2026, 1, 26, 9, 35, 15, 895954, tzinfo=datetime.timezone.utc), 4)]
E                   (Background on this error at: https://sqlalche.me/e/20/dbapi)

.venv\Lib\site-packages\sqlalchemy\dialects\postgresql\asyncpg.py:797: DBAPIError
=========================== short test summary info ===========================
FAILED tests/integration/test_progression_engine.py::test_progression_engine_high_fidelity
============================== 1 failed in 1.96s ==============================
